c:\users\evan\source\repos\alphabogo\alphabogo\debug\alphabogo.pdb
c:\users\evan\source\repos\alphabogo\alphabogo\debug\alphabogo.idb
c:\users\evan\source\repos\alphabogo\alphabogo\debug\main.obj
c:\users\evan\source\repos\alphabogo\alphabogo\debug\game.obj
c:\users\evan\source\repos\alphabogo\debug\alphabogo.lib
c:\users\evan\source\repos\alphabogo\debug\alphabogo.exe
c:\users\evan\source\repos\alphabogo\debug\alphabogo.ilk
c:\users\evan\source\repos\alphabogo\debug\alphabogo.pdb
c:\users\evan\source\repos\alphabogo\alphabogo\debug\vc141.idb
c:\users\evan\source\repos\alphabogo\alphabogo\debug\vc141.pdb
c:\users\evan\source\repos\alphabogo\alphabogo\debug\alphabogo.tlog\alphabogo.write.1u.tlog
c:\users\evan\source\repos\alphabogo\alphabogo\debug\alphabogo.tlog\cl.command.1.tlog
c:\users\evan\source\repos\alphabogo\alphabogo\debug\alphabogo.tlog\cl.read.1.tlog
c:\users\evan\source\repos\alphabogo\alphabogo\debug\alphabogo.tlog\cl.write.1.tlog
c:\users\evan\source\repos\alphabogo\alphabogo\debug\alphabogo.tlog\lib-link.read.1.tlog
c:\users\evan\source\repos\alphabogo\alphabogo\debug\alphabogo.tlog\lib-link.write.1.tlog
c:\users\evan\source\repos\alphabogo\alphabogo\debug\alphabogo.tlog\lib.command.1.tlog
c:\users\evan\source\repos\alphabogo\alphabogo\debug\alphabogo.tlog\link.10692.delete.1.tlog
c:\users\evan\source\repos\alphabogo\alphabogo\debug\alphabogo.tlog\link.1084.delete.1.tlog
c:\users\evan\source\repos\alphabogo\alphabogo\debug\alphabogo.tlog\link.12740.delete.1.tlog
c:\users\evan\source\repos\alphabogo\alphabogo\debug\alphabogo.tlog\link.1444.delete.1.tlog
c:\users\evan\source\repos\alphabogo\alphabogo\debug\alphabogo.tlog\link.14880.delete.1.tlog
c:\users\evan\source\repos\alphabogo\alphabogo\debug\alphabogo.tlog\link.15932.delete.1.tlog
c:\users\evan\source\repos\alphabogo\alphabogo\debug\alphabogo.tlog\link.16048.delete.1.tlog
c:\users\evan\source\repos\alphabogo\alphabogo\debug\alphabogo.tlog\link.2444.delete.1.tlog
c:\users\evan\source\repos\alphabogo\alphabogo\debug\alphabogo.tlog\link.2904.delete.1.tlog
c:\users\evan\source\repos\alphabogo\alphabogo\debug\alphabogo.tlog\link.3224.delete.1.tlog
c:\users\evan\source\repos\alphabogo\alphabogo\debug\alphabogo.tlog\link.524.delete.1.tlog
c:\users\evan\source\repos\alphabogo\alphabogo\debug\alphabogo.tlog\link.5252.delete.1.tlog
c:\users\evan\source\repos\alphabogo\alphabogo\debug\alphabogo.tlog\link.5644.delete.1.tlog
c:\users\evan\source\repos\alphabogo\alphabogo\debug\alphabogo.tlog\link.5680.delete.1.tlog
c:\users\evan\source\repos\alphabogo\alphabogo\debug\alphabogo.tlog\link.7072.delete.1.tlog
c:\users\evan\source\repos\alphabogo\alphabogo\debug\alphabogo.tlog\link.7272.delete.1.tlog
c:\users\evan\source\repos\alphabogo\alphabogo\debug\alphabogo.tlog\link.7512.delete.1.tlog
c:\users\evan\source\repos\alphabogo\alphabogo\debug\alphabogo.tlog\link.command.1.tlog
c:\users\evan\source\repos\alphabogo\alphabogo\debug\alphabogo.tlog\link.read.1.tlog
c:\users\evan\source\repos\alphabogo\alphabogo\debug\alphabogo.tlog\link.write.1.tlog
